<!DOCTYPE html PUBLIC "-//W3C//DTD XHTML 1.1//EN" "http://www.w3.org/TR/xhtml11/DTD/xhtml11.dtd">
<html xmlns="http://www.w3.org/1999/xhtml"><head><title>TestNG Report</title><style type="text/css">table {margin-bottom:10px;border-collapse:collapse;empty-cells:show}th,td {border:1px solid #009;padding:.25em .5em}th {vertical-align:bottom}td {vertical-align:top}table a {font-weight:bold}.stripe td {background-color: #E6EBF9}.num {text-align:right}.passedodd td {background-color: #3F3}.passedeven td {background-color: #0A0}.skippedodd td {background-color: #DDD}.skippedeven td {background-color: #CCC}.failedodd td,.attn {background-color: #F33}.failedeven td,.stripe .attn {background-color: #D00}.stacktrace {white-space:pre;font-family:monospace}.totop {font-size:85%;text-align:center;border-bottom:2px solid #000}</style></head><body><table><tr><th>Test</th><th># Passed</th><th># Skipped</th><th># Failed</th><th>Time (ms)</th><th>Included Groups</th><th>Excluded Groups</th></tr><tr><th colspan="7">Suite</th></tr><tr><td><a href="#t0">TestOne</a></td><td class="num">0</td><td class="num">0</td><td class="num attn">2</td><td class="num">67,832</td><td></td><td></td></tr><tr class="stripe"><td><a href="#t1">TestTwo</a></td><td class="num">0</td><td class="num attn">2</td><td class="num attn">2</td><td class="num">57,893</td><td></td><td></td></tr><tr><th>Total</th><th class="num">0</th><th class="num attn">2</th><th class="num attn">4</th><th class="num">125,725</th><th colspan="2"></th></tr></table><table id='summary'><thead><tr><th>Class</th><th>Method</th><th>Start</th><th>Time (ms)</th></tr></thead><tbody><tr><th colspan="4">Suite</th></tr></tbody><tbody id="t0"><tr><th colspan="4">TestOne &#8212; failed</th></tr><tr class="failedeven"><td rowspan="2">com.zoho.dfwork.testcases.LoginTest</td><td><a href="#m0">doLoginTest</a></td><td rowspan="2">1504595144904</td><td rowspan="2">22164</td></tr><tr class="failedeven"><td><a href="#m1">doLoginTest</a></td></tr></tbody><tbody id="t1"><tr><th colspan="4">TestTwo &#8212; failed</th></tr><tr class="failedeven"><td rowspan="2">com.zoho.dfwork.testcases.LeadTest</td><td><a href="#m2">createLeadTest</a></td><td rowspan="2">1504595212388</td><td rowspan="2">12219</td></tr><tr class="failedeven"><td><a href="#m3">createLeadTest</a></td></tr><tr><th colspan="4">TestTwo &#8212; skipped</th></tr><tr class="skippedeven"><td rowspan="2">com.zoho.dfwork.testcases.LeadTest</td><td><a href="#m4">createLeadTest</a></td><td rowspan="2">1504595225759</td><td rowspan="2">2</td></tr><tr class="skippedeven"><td><a href="#m5">createLeadTest</a></td></tr></tbody></table><h2>TestOne</h2><h3 id="m0">com.zoho.dfwork.testcases.LoginTest#doLoginTest</h3><table class="result"><tr class="param"><th>Parameter #1</th></tr><tr class="param stripe"><td>{Username=seleniumbyarun99@gmail.com, ExpectedResult=Success, Password=Demopassword$, Runmode=Y, Browser=Chrome}</td></tr><tr><th>Exception</th></tr><tr><td><div class="stacktrace">org.openqa.selenium.WebDriverException: unknown error: cannot get automation extension
from chrome not reachable
  (Session info: chrome=60.0.3112.113)
  (Driver info: chromedriver=2.27.440174 (e97a722caafc2d3a8b807ee115bfb307f7d2cfd9),platform=Windows NT 10.0.15063 x86_64) (WARNING: The server did not provide any stacktrace information)
Command duration or timeout: 10.01 seconds
Build info: version: &apos;2.53.1&apos;, revision: &apos;a36b8b1&apos;, time: &apos;2016-06-30 17:37:03&apos;
System info: host: &apos;DESKTOP-7A2B84O&apos;, ip: &apos;192.168.0.100&apos;, os.name: &apos;Windows 10&apos;, os.arch: &apos;amd64&apos;, os.version: &apos;10.0&apos;, java.version: &apos;1.8.0_131&apos;
Driver info: org.openqa.selenium.chrome.ChromeDriver
Capabilities [{applicationCacheEnabled=false, rotatable=false, mobileEmulationEnabled=false, networkConnectionEnabled=false, chrome={chromedriverVersion=2.27.440174 (e97a722caafc2d3a8b807ee115bfb307f7d2cfd9), userDataDir=C:\Users\WINDOW~1\AppData\Local\Temp\scoped_dir4912_10620}, takesHeapSnapshot=true, pageLoadStrategy=normal, databaseEnabled=false, handlesAlerts=true, hasTouchScreen=false, version=60.0.3112.113, platform=XP, browserConnectionEnabled=false, nativeEvents=true, acceptSslCerts=true, locationContextEnabled=true, webStorageEnabled=true, browserName=chrome, takesScreenshot=true, javascriptEnabled=true, cssSelectorsEnabled=true, unexpectedAlertBehaviour=}]
Session ID: 68a3d10880ad57a588900a6641fc252d
	at org.openqa.selenium.remote.ErrorHandler.createThrowable(ErrorHandler.java:206)
	at org.openqa.selenium.remote.ErrorHandler.throwIfResponseFailed(ErrorHandler.java:158)
	at org.openqa.selenium.remote.RemoteWebDriver.execute(RemoteWebDriver.java:678)
	at org.openqa.selenium.remote.RemoteWebDriver$RemoteWebDriverOptions$RemoteWindow.maximize(RemoteWebDriver.java:945)
	at com.zoho.dfwork.base.BaseTest.openBrowser(BaseTest.java:134)
	at com.zoho.dfwork.testcases.LoginTest.doLoginTest(LoginTest.java:37)
... Removed 29 stack frames</div></td></tr></table><p class="totop"><a href="#summary">back to summary</a></p><h3 id="m1">com.zoho.dfwork.testcases.LoginTest#doLoginTest</h3><table class="result"><tr class="param"><th>Parameter #1</th></tr><tr class="param stripe"><td>{Username=seleniumbyarun99@gmail.com, ExpectedResult=Success, Password=Demopassword$, Runmode=Y, Browser=Firefox}</td></tr><tr><th>Exception</th></tr><tr><td><div class="stacktrace">junit.framework.AssertionFailedError: Unable to locate element: {&quot;method&quot;:&quot;xpath&quot;,&quot;selector&quot;:&quot;//*[@class=&apos;signin&apos;]&quot;}
Command duration or timeout: 26.55 seconds
For documentation on this error, please visit: http://seleniumhq.org/exceptions/no_such_element.html
Build info: version: &apos;2.53.1&apos;, revision: &apos;a36b8b1&apos;, time: &apos;2016-06-30 17:37:03&apos;
System info: host: &apos;DESKTOP-7A2B84O&apos;, ip: &apos;192.168.0.100&apos;, os.name: &apos;Windows 10&apos;, os.arch: &apos;amd64&apos;, os.version: &apos;10.0&apos;, java.version: &apos;1.8.0_131&apos;
Driver info: org.openqa.selenium.firefox.FirefoxDriver
Capabilities [{applicationCacheEnabled=true, rotatable=false, handlesAlerts=true, databaseEnabled=true, version=47.0.1, platform=WINDOWS, nativeEvents=false, acceptSslCerts=true, webStorageEnabled=true, locationContextEnabled=true, browserName=firefox, takesScreenshot=true, javascriptEnabled=true, cssSelectorsEnabled=true}]
Session ID: a2b7e80f-e069-49ca-936b-f068dcdba64f
*** Element info: {Using=xpath, value=//*[@class=&apos;signin&apos;]}
	at junit.framework.Assert.fail(Assert.java:57)
	at com.zoho.dfwork.base.BaseTest.reportFail(BaseTest.java:305)
	at com.zoho.dfwork.base.BaseTest.getElement(BaseTest.java:213)
	at com.zoho.dfwork.base.BaseTest.click(BaseTest.java:152)
	at com.zoho.dfwork.base.BaseTest.doLogin(BaseTest.java:355)
	at com.zoho.dfwork.testcases.LoginTest.doLoginTest(LoginTest.java:40)
... Removed 25 stack frames</div></td></tr></table><p class="totop"><a href="#summary">back to summary</a></p><h2>TestTwo</h2><h3 id="m2">com.zoho.dfwork.testcases.LeadTest#createLeadTest</h3><table class="result"><tr class="param"><th>Parameter #1</th></tr><tr class="param stripe"><td>{LeadLastName=Pichai, Runmode=Y, LeadCompany=Google, Browser=Chrome}</td></tr><tr><th>Exception</th></tr><tr><td><div class="stacktrace">org.openqa.selenium.WebDriverException: unknown error: cannot get automation extension
from unknown error: page could not be found: chrome-extension://aapnijgdinlhnhlmodcfapnahmbfebeb/_generated_background_page.html
  (Session info: chrome=60.0.3112.113)
  (Driver info: chromedriver=2.27.440174 (e97a722caafc2d3a8b807ee115bfb307f7d2cfd9),platform=Windows NT 10.0.15063 x86_64) (WARNING: The server did not provide any stacktrace information)
Command duration or timeout: 10.02 seconds
Build info: version: &apos;2.53.1&apos;, revision: &apos;a36b8b1&apos;, time: &apos;2016-06-30 17:37:03&apos;
System info: host: &apos;DESKTOP-7A2B84O&apos;, ip: &apos;192.168.0.100&apos;, os.name: &apos;Windows 10&apos;, os.arch: &apos;amd64&apos;, os.version: &apos;10.0&apos;, java.version: &apos;1.8.0_131&apos;
Driver info: org.openqa.selenium.chrome.ChromeDriver
Capabilities [{applicationCacheEnabled=false, rotatable=false, mobileEmulationEnabled=false, networkConnectionEnabled=false, chrome={chromedriverVersion=2.27.440174 (e97a722caafc2d3a8b807ee115bfb307f7d2cfd9), userDataDir=C:\Users\WINDOW~1\AppData\Local\Temp\scoped_dir9820_18095}, takesHeapSnapshot=true, pageLoadStrategy=normal, databaseEnabled=false, handlesAlerts=true, hasTouchScreen=false, version=60.0.3112.113, platform=XP, browserConnectionEnabled=false, nativeEvents=true, acceptSslCerts=true, locationContextEnabled=true, webStorageEnabled=true, browserName=chrome, takesScreenshot=true, javascriptEnabled=true, cssSelectorsEnabled=true, unexpectedAlertBehaviour=}]
Session ID: ad147ec94960f31d241edcef687b7fe3
	at org.openqa.selenium.remote.ErrorHandler.createThrowable(ErrorHandler.java:206)
	at org.openqa.selenium.remote.ErrorHandler.throwIfResponseFailed(ErrorHandler.java:158)
	at org.openqa.selenium.remote.RemoteWebDriver.execute(RemoteWebDriver.java:678)
	at org.openqa.selenium.remote.RemoteWebDriver$RemoteWebDriverOptions$RemoteWindow.maximize(RemoteWebDriver.java:945)
	at com.zoho.dfwork.base.BaseTest.openBrowser(BaseTest.java:134)
	at com.zoho.dfwork.testcases.LeadTest.createLeadTest(LeadTest.java:33)
... Removed 29 stack frames</div></td></tr></table><p class="totop"><a href="#summary">back to summary</a></p><h3 id="m3">com.zoho.dfwork.testcases.LeadTest#createLeadTest</h3><table class="result"><tr class="param"><th>Parameter #1</th></tr><tr class="param stripe"><td>{LeadLastName=Jobs, Runmode=Y, LeadCompany=Apple, Browser=Firefox}</td></tr><tr><th>Exception</th></tr><tr><td><div class="stacktrace">junit.framework.AssertionFailedError: Unable to locate element: {&quot;method&quot;:&quot;xpath&quot;,&quot;selector&quot;:&quot;//*[@class=&apos;signin&apos;]&quot;}
Command duration or timeout: 33.73 seconds
For documentation on this error, please visit: http://seleniumhq.org/exceptions/no_such_element.html
Build info: version: &apos;2.53.1&apos;, revision: &apos;a36b8b1&apos;, time: &apos;2016-06-30 17:37:03&apos;
System info: host: &apos;DESKTOP-7A2B84O&apos;, ip: &apos;192.168.0.100&apos;, os.name: &apos;Windows 10&apos;, os.arch: &apos;amd64&apos;, os.version: &apos;10.0&apos;, java.version: &apos;1.8.0_131&apos;
Driver info: org.openqa.selenium.firefox.FirefoxDriver
Capabilities [{applicationCacheEnabled=true, rotatable=false, handlesAlerts=true, databaseEnabled=true, version=47.0.1, platform=WINDOWS, nativeEvents=false, acceptSslCerts=true, webStorageEnabled=true, locationContextEnabled=true, browserName=firefox, takesScreenshot=true, javascriptEnabled=true, cssSelectorsEnabled=true}]
Session ID: 759e536a-a87f-47f7-96b3-9d96bf20fe92
*** Element info: {Using=xpath, value=//*[@class=&apos;signin&apos;]}
	at junit.framework.Assert.fail(Assert.java:57)
	at com.zoho.dfwork.base.BaseTest.reportFail(BaseTest.java:305)
	at com.zoho.dfwork.base.BaseTest.getElement(BaseTest.java:213)
	at com.zoho.dfwork.base.BaseTest.click(BaseTest.java:152)
	at com.zoho.dfwork.base.BaseTest.doLogin(BaseTest.java:355)
	at com.zoho.dfwork.testcases.LeadTest.createLeadTest(LeadTest.java:36)
... Removed 25 stack frames</div></td></tr></table><p class="totop"><a href="#summary">back to summary</a></p><h3 id="m4">com.zoho.dfwork.testcases.LeadTest#createLeadTest</h3><table class="result"><tr class="param"><th>Parameter #1</th></tr><tr class="param stripe"><td>{LeadLastName=Zukerburg, Runmode=N, LeadCompany=Facebook, Browser=Chrome}</td></tr><tr><th>Exception</th></tr><tr><td><div class="stacktrace">org.testng.SkipException: Skipping the test as the run mode is set to N
	at com.zoho.dfwork.testcases.LeadTest.createLeadTest(LeadTest.java:29)
... Removed 25 stack frames</div></td></tr></table><p class="totop"><a href="#summary">back to summary</a></p><h3 id="m5">com.zoho.dfwork.testcases.LeadTest#createLeadTest</h3><table class="result"><tr class="param"><th>Parameter #1</th></tr><tr class="param stripe"><td>{LeadLastName=Nadella, Runmode=N, LeadCompany=Microsoft, Browser=Firefox}</td></tr><tr><th>Exception</th></tr><tr><td><div class="stacktrace">org.testng.SkipException: Skipping the test as the run mode is set to N
	at com.zoho.dfwork.testcases.LeadTest.createLeadTest(LeadTest.java:29)
... Removed 25 stack frames</div></td></tr></table><p class="totop"><a href="#summary">back to summary</a></p></body></html>