<!DOCTYPE html>

<html>
  <head>
  <meta charset='utf-8'>
  <title>TestNG reports</title>

    <link type="text/css" href="testng-reports.css" rel="stylesheet" />
    <script type="text/javascript" src="jquery-1.7.1.min.js"></script>
    <script type="text/javascript" src="testng-reports.js"></script>
    <script type="text/javascript" src="https://www.google.com/jsapi"></script>
    <script type='text/javascript'>
      google.load('visualization', '1', {packages:['table']});
      google.setOnLoadCallback(drawTable);
      var suiteTableInitFunctions = new Array();
      var suiteTableData = new Array();
    </script>
    <!--
      <script type="text/javascript" src="jquery-ui/js/jquery-ui-1.8.16.custom.min.js"></script>
     -->
  </head>

  <body>
    <div class="top-banner-root">
      <span class="top-banner-title-font">Test results</span>
      <br/>
      <span class="top-banner-font-1">1 suite, 4 failed tests</span>
    </div> <!-- top-banner-root -->
    <div class="navigator-root">
      <div class="navigator-suite-header">
        <span>All suites</span>
        <a href="#" class="collapse-all-link" title="Collapse/expand all the suites">
          <img class="collapse-all-icon" src="collapseall.gif">
          </img> <!-- collapse-all-icon -->
        </a> <!-- collapse-all-link -->
      </div> <!-- navigator-suite-header -->
      <div class="suite">
        <div class="rounded-window">
          <div class="suite-header light-rounded-window-top">
            <a href="#" class="navigator-link" panel-name="suite-Suite">
              <span class="suite-name border-failed">Suite</span>
            </a> <!-- navigator-link -->
          </div> <!-- suite-header light-rounded-window-top -->
          <div class="navigator-suite-content">
            <div class="suite-section-title">
              <span>Info</span>
            </div> <!-- suite-section-title -->
            <div class="suite-section-content">
              <ul>
                <li>
                  <a href="#" class="navigator-link " panel-name="test-xml-Suite">
                    <span>C:\Users\windows10\Desktop\Selenium\DataDrivenZohoProject\testng.xml</span>
                  </a> <!-- navigator-link  -->
                </li>
                <li>
                  <a href="#" class="navigator-link " panel-name="testlist-Suite">
                    <span class="test-stats">2 tests</span>
                  </a> <!-- navigator-link  -->
                </li>
                <li>
                  <a href="#" class="navigator-link " panel-name="group-Suite">
                    <span>0 groups</span>
                  </a> <!-- navigator-link  -->
                </li>
                <li>
                  <a href="#" class="navigator-link " panel-name="times-Suite">
                    <span>Times</span>
                  </a> <!-- navigator-link  -->
                </li>
                <li>
                  <a href="#" class="navigator-link " panel-name="reporter-Suite">
                    <span>Reporter output</span>
                  </a> <!-- navigator-link  -->
                </li>
                <li>
                  <a href="#" class="navigator-link " panel-name="ignored-methods-Suite">
                    <span>Ignored methods</span>
                  </a> <!-- navigator-link  -->
                </li>
                <li>
                  <a href="#" class="navigator-link " panel-name="chronological-Suite">
                    <span>Chronological view</span>
                  </a> <!-- navigator-link  -->
                </li>
              </ul>
            </div> <!-- suite-section-content -->
            <div class="result-section">
              <div class="suite-section-title">
                <span>Results</span>
              </div> <!-- suite-section-title -->
              <div class="suite-section-content">
                <ul>
                  <li>
                    <span class="method-stats">6 methods, 4 failed,  2 skipped,  </span>
                  </li>
                  <li>
                    <span class="method-list-title failed">Failed methods</span>
                    <span class="show-or-hide-methods failed">
                      <a href="#" panel-name="suite-Suite" class="hide-methods failed suite-Suite"> (hide)</a> <!-- hide-methods failed suite-Suite -->
                      <a href="#" panel-name="suite-Suite" class="show-methods failed suite-Suite"> (show)</a> <!-- show-methods failed suite-Suite -->
                    </span>
                    <div class="method-list-content failed suite-Suite">
                      <span>
                        <img width="3%" src="failed.png"/>
                        <a href="#" class="method navigator-link" panel-name="suite-Suite" title="com.zoho.dfwork.testcases.LeadTest" hash-for-method="createLeadTest({LeadLastName=Pichai, Runmode=Y, LeadCompany=Google, Browser=Chrome})">createLeadTest({LeadLastName=Pichai, Runmode=Y, LeadCompany=Google, Browser=Chrome})</a> <!-- method navigator-link -->
                      </span>
                      <br/>
                      <span>
                        <img width="3%" src="failed.png"/>
                        <a href="#" class="method navigator-link" panel-name="suite-Suite" title="com.zoho.dfwork.testcases.LeadTest" hash-for-method="createLeadTest({LeadLastName=Jobs, Runmode=Y, LeadCompany=Apple, Browser=Firefox})">createLeadTest({LeadLastName=Jobs, Runmode=Y, LeadCompany=Apple, Browser=Firefox})</a> <!-- method navigator-link -->
                      </span>
                      <br/>
                      <span>
                        <img width="3%" src="failed.png"/>
                        <a href="#" class="method navigator-link" panel-name="suite-Suite" title="com.zoho.dfwork.testcases.LoginTest" hash-for-method="doLoginTest({Username=seleniumbyarun99@gmail.com, ExpectedResult=Success, Password=Demopassword$, Runmode=Y, Bro...)">doLoginTest({Username=seleniumbyarun99@gmail.com, ExpectedResult=Success, Password=Demopassword$, Runmode=Y, Bro...)</a> <!-- method navigator-link -->
                      </span>
                      <br/>
                      <span>
                        <img width="3%" src="failed.png"/>
                        <a href="#" class="method navigator-link" panel-name="suite-Suite" title="com.zoho.dfwork.testcases.LoginTest" hash-for-method="doLoginTest({Username=seleniumbyarun99@gmail.com, ExpectedResult=Success, Password=Demopassword$, Runmode=Y, Bro...)">doLoginTest({Username=seleniumbyarun99@gmail.com, ExpectedResult=Success, Password=Demopassword$, Runmode=Y, Bro...)</a> <!-- method navigator-link -->
                      </span>
                      <br/>
                    </div> <!-- method-list-content failed suite-Suite -->
                  </li>
                  <li>
                    <span class="method-list-title skipped">Skipped methods</span>
                    <span class="show-or-hide-methods skipped">
                      <a href="#" panel-name="suite-Suite" class="hide-methods skipped suite-Suite"> (hide)</a> <!-- hide-methods skipped suite-Suite -->
                      <a href="#" panel-name="suite-Suite" class="show-methods skipped suite-Suite"> (show)</a> <!-- show-methods skipped suite-Suite -->
                    </span>
                    <div class="method-list-content skipped suite-Suite">
                      <span>
                        <img width="3%" src="skipped.png"/>
                        <a href="#" class="method navigator-link" panel-name="suite-Suite" title="com.zoho.dfwork.testcases.LeadTest" hash-for-method="createLeadTest({LeadLastName=Zukerburg, Runmode=N, LeadCompany=Facebook, Browser=Chrome})">createLeadTest({LeadLastName=Zukerburg, Runmode=N, LeadCompany=Facebook, Browser=Chrome})</a> <!-- method navigator-link -->
                      </span>
                      <br/>
                      <span>
                        <img width="3%" src="skipped.png"/>
                        <a href="#" class="method navigator-link" panel-name="suite-Suite" title="com.zoho.dfwork.testcases.LeadTest" hash-for-method="createLeadTest({LeadLastName=Nadella, Runmode=N, LeadCompany=Microsoft, Browser=Firefox})">createLeadTest({LeadLastName=Nadella, Runmode=N, LeadCompany=Microsoft, Browser=Firefox})</a> <!-- method navigator-link -->
                      </span>
                      <br/>
                    </div> <!-- method-list-content skipped suite-Suite -->
                  </li>
                </ul>
              </div> <!-- suite-section-content -->
            </div> <!-- result-section -->
          </div> <!-- navigator-suite-content -->
        </div> <!-- rounded-window -->
      </div> <!-- suite -->
    </div> <!-- navigator-root -->
    <div class="wrapper">
      <div class="main-panel-root">
        <div panel-name="suite-Suite" class="panel Suite">
          <div class="suite-Suite-class-failed">
            <div class="main-panel-header rounded-window-top">
              <img src="failed.png"/>
              <span class="class-name">com.zoho.dfwork.testcases.LeadTest</span>
            </div> <!-- main-panel-header rounded-window-top -->
            <div class="main-panel-content rounded-window-bottom">
              <div class="method">
                <div class="method-content">
                  <a name="createLeadTest({LeadLastName=Pichai, Runmode=Y, LeadCompany=Google, Browser=Chrome})">
                  </a> <!-- createLeadTest({LeadLastName=Pichai, Runmode=Y, LeadCompany=Google, Browser=Chrome}) -->
                  <span class="method-name">createLeadTest</span>
                  <span class="parameters">({LeadLastName=Pichai, Runmode=Y, LeadCompany=Google, Browser=Chrome})</span>
                  <div class="stack-trace">org.openqa.selenium.WebDriverException: unknown error: cannot get automation extension
from unknown error: page could not be found: chrome-extension://aapnijgdinlhnhlmodcfapnahmbfebeb/_generated_background_page.html
  (Session info: chrome=60.0.3112.113)
  (Driver info: chromedriver=2.27.440174 (e97a722caafc2d3a8b807ee115bfb307f7d2cfd9),platform=Windows NT 10.0.15063 x86_64) (WARNING: The server did not provide any stacktrace information)
Command duration or timeout: 10.02 seconds
Build info: version: &apos;2.53.1&apos;, revision: &apos;a36b8b1&apos;, time: &apos;2016-06-30 17:37:03&apos;
System info: host: &apos;DESKTOP-7A2B84O&apos;, ip: &apos;192.168.0.100&apos;, os.name: &apos;Windows 10&apos;, os.arch: &apos;amd64&apos;, os.version: &apos;10.0&apos;, java.version: &apos;1.8.0_131&apos;
Driver info: org.openqa.selenium.chrome.ChromeDriver
Capabilities [{applicationCacheEnabled=false, rotatable=false, mobileEmulationEnabled=false, networkConnectionEnabled=false, chrome={chromedriverVersion=2.27.440174 (e97a722caafc2d3a8b807ee115bfb307f7d2cfd9), userDataDir=C:\Users\WINDOW~1\AppData\Local\Temp\scoped_dir9820_18095}, takesHeapSnapshot=true, pageLoadStrategy=normal, databaseEnabled=false, handlesAlerts=true, hasTouchScreen=false, version=60.0.3112.113, platform=XP, browserConnectionEnabled=false, nativeEvents=true, acceptSslCerts=true, locationContextEnabled=true, webStorageEnabled=true, browserName=chrome, takesScreenshot=true, javascriptEnabled=true, cssSelectorsEnabled=true, unexpectedAlertBehaviour=}]
Session ID: ad147ec94960f31d241edcef687b7fe3
	at org.openqa.selenium.remote.ErrorHandler.createThrowable(ErrorHandler.java:206)
	at org.openqa.selenium.remote.ErrorHandler.throwIfResponseFailed(ErrorHandler.java:158)
	at org.openqa.selenium.remote.RemoteWebDriver.execute(RemoteWebDriver.java:678)
	at org.openqa.selenium.remote.RemoteWebDriver$RemoteWebDriverOptions$RemoteWindow.maximize(RemoteWebDriver.java:945)
	at com.zoho.dfwork.base.BaseTest.openBrowser(BaseTest.java:134)
	at com.zoho.dfwork.testcases.LeadTest.createLeadTest(LeadTest.java:33)
... Removed 29 stack frames
</div> <!-- stack-trace -->
                </div> <!-- method-content -->
              </div> <!-- method -->
              <div class="method">
                <div class="method-content">
                  <a name="createLeadTest({LeadLastName=Jobs, Runmode=Y, LeadCompany=Apple, Browser=Firefox})">
                  </a> <!-- createLeadTest({LeadLastName=Jobs, Runmode=Y, LeadCompany=Apple, Browser=Firefox}) -->
                  <span class="method-name">createLeadTest</span>
                  <span class="parameters">({LeadLastName=Jobs, Runmode=Y, LeadCompany=Apple, Browser=Firefox})</span>
                  <div class="stack-trace">junit.framework.AssertionFailedError: Unable to locate element: {&quot;method&quot;:&quot;xpath&quot;,&quot;selector&quot;:&quot;//*[@class=&apos;signin&apos;]&quot;}
Command duration or timeout: 33.73 seconds
For documentation on this error, please visit: http://seleniumhq.org/exceptions/no_such_element.html
Build info: version: &apos;2.53.1&apos;, revision: &apos;a36b8b1&apos;, time: &apos;2016-06-30 17:37:03&apos;
System info: host: &apos;DESKTOP-7A2B84O&apos;, ip: &apos;192.168.0.100&apos;, os.name: &apos;Windows 10&apos;, os.arch: &apos;amd64&apos;, os.version: &apos;10.0&apos;, java.version: &apos;1.8.0_131&apos;
Driver info: org.openqa.selenium.firefox.FirefoxDriver
Capabilities [{applicationCacheEnabled=true, rotatable=false, handlesAlerts=true, databaseEnabled=true, version=47.0.1, platform=WINDOWS, nativeEvents=false, acceptSslCerts=true, webStorageEnabled=true, locationContextEnabled=true, browserName=firefox, takesScreenshot=true, javascriptEnabled=true, cssSelectorsEnabled=true}]
Session ID: 759e536a-a87f-47f7-96b3-9d96bf20fe92
*** Element info: {Using=xpath, value=//*[@class=&apos;signin&apos;]}
	at junit.framework.Assert.fail(Assert.java:57)
	at com.zoho.dfwork.base.BaseTest.reportFail(BaseTest.java:305)
	at com.zoho.dfwork.base.BaseTest.getElement(BaseTest.java:213)
	at com.zoho.dfwork.base.BaseTest.click(BaseTest.java:152)
	at com.zoho.dfwork.base.BaseTest.doLogin(BaseTest.java:355)
	at com.zoho.dfwork.testcases.LeadTest.createLeadTest(LeadTest.java:36)
... Removed 25 stack frames
</div> <!-- stack-trace -->
                </div> <!-- method-content -->
              </div> <!-- method -->
            </div> <!-- main-panel-content rounded-window-bottom -->
          </div> <!-- suite-Suite-class-failed -->
          <div class="suite-Suite-class-failed">
            <div class="main-panel-header rounded-window-top">
              <img src="failed.png"/>
              <span class="class-name">com.zoho.dfwork.testcases.LoginTest</span>
            </div> <!-- main-panel-header rounded-window-top -->
            <div class="main-panel-content rounded-window-bottom">
              <div class="method">
                <div class="method-content">
                  <a name="doLoginTest({Username=seleniumbyarun99@gmail.com, ExpectedResult=Success, Password=Demopassword$, Runmode=Y, Bro...)">
                  </a> <!-- doLoginTest({Username=seleniumbyarun99@gmail.com, ExpectedResult=Success, Password=Demopassword$, Runmode=Y, Bro...) -->
                  <span class="method-name">doLoginTest</span>
                  <span class="parameters">({Username=seleniumbyarun99@gmail.com, ExpectedResult=Success, Password=Demopassword$, Runmode=Y, Browser=Chrome})</span>
                  <div class="stack-trace">org.openqa.selenium.WebDriverException: unknown error: cannot get automation extension
from chrome not reachable
  (Session info: chrome=60.0.3112.113)
  (Driver info: chromedriver=2.27.440174 (e97a722caafc2d3a8b807ee115bfb307f7d2cfd9),platform=Windows NT 10.0.15063 x86_64) (WARNING: The server did not provide any stacktrace information)
Command duration or timeout: 10.01 seconds
Build info: version: &apos;2.53.1&apos;, revision: &apos;a36b8b1&apos;, time: &apos;2016-06-30 17:37:03&apos;
System info: host: &apos;DESKTOP-7A2B84O&apos;, ip: &apos;192.168.0.100&apos;, os.name: &apos;Windows 10&apos;, os.arch: &apos;amd64&apos;, os.version: &apos;10.0&apos;, java.version: &apos;1.8.0_131&apos;
Driver info: org.openqa.selenium.chrome.ChromeDriver
Capabilities [{applicationCacheEnabled=false, rotatable=false, mobileEmulationEnabled=false, networkConnectionEnabled=false, chrome={chromedriverVersion=2.27.440174 (e97a722caafc2d3a8b807ee115bfb307f7d2cfd9), userDataDir=C:\Users\WINDOW~1\AppData\Local\Temp\scoped_dir4912_10620}, takesHeapSnapshot=true, pageLoadStrategy=normal, databaseEnabled=false, handlesAlerts=true, hasTouchScreen=false, version=60.0.3112.113, platform=XP, browserConnectionEnabled=false, nativeEvents=true, acceptSslCerts=true, locationContextEnabled=true, webStorageEnabled=true, browserName=chrome, takesScreenshot=true, javascriptEnabled=true, cssSelectorsEnabled=true, unexpectedAlertBehaviour=}]
Session ID: 68a3d10880ad57a588900a6641fc252d
	at org.openqa.selenium.remote.ErrorHandler.createThrowable(ErrorHandler.java:206)
	at org.openqa.selenium.remote.ErrorHandler.throwIfResponseFailed(ErrorHandler.java:158)
	at org.openqa.selenium.remote.RemoteWebDriver.execute(RemoteWebDriver.java:678)
	at org.openqa.selenium.remote.RemoteWebDriver$RemoteWebDriverOptions$RemoteWindow.maximize(RemoteWebDriver.java:945)
	at com.zoho.dfwork.base.BaseTest.openBrowser(BaseTest.java:134)
	at com.zoho.dfwork.testcases.LoginTest.doLoginTest(LoginTest.java:37)
... Removed 29 stack frames
</div> <!-- stack-trace -->
                </div> <!-- method-content -->
              </div> <!-- method -->
              <div class="method">
                <div class="method-content">
                  <a name="doLoginTest({Username=seleniumbyarun99@gmail.com, ExpectedResult=Success, Password=Demopassword$, Runmode=Y, Bro...)">
                  </a> <!-- doLoginTest({Username=seleniumbyarun99@gmail.com, ExpectedResult=Success, Password=Demopassword$, Runmode=Y, Bro...) -->
                  <span class="method-name">doLoginTest</span>
                  <span class="parameters">({Username=seleniumbyarun99@gmail.com, ExpectedResult=Success, Password=Demopassword$, Runmode=Y, Browser=Firefox})</span>
                  <div class="stack-trace">junit.framework.AssertionFailedError: Unable to locate element: {&quot;method&quot;:&quot;xpath&quot;,&quot;selector&quot;:&quot;//*[@class=&apos;signin&apos;]&quot;}
Command duration or timeout: 26.55 seconds
For documentation on this error, please visit: http://seleniumhq.org/exceptions/no_such_element.html
Build info: version: &apos;2.53.1&apos;, revision: &apos;a36b8b1&apos;, time: &apos;2016-06-30 17:37:03&apos;
System info: host: &apos;DESKTOP-7A2B84O&apos;, ip: &apos;192.168.0.100&apos;, os.name: &apos;Windows 10&apos;, os.arch: &apos;amd64&apos;, os.version: &apos;10.0&apos;, java.version: &apos;1.8.0_131&apos;
Driver info: org.openqa.selenium.firefox.FirefoxDriver
Capabilities [{applicationCacheEnabled=true, rotatable=false, handlesAlerts=true, databaseEnabled=true, version=47.0.1, platform=WINDOWS, nativeEvents=false, acceptSslCerts=true, webStorageEnabled=true, locationContextEnabled=true, browserName=firefox, takesScreenshot=true, javascriptEnabled=true, cssSelectorsEnabled=true}]
Session ID: a2b7e80f-e069-49ca-936b-f068dcdba64f
*** Element info: {Using=xpath, value=//*[@class=&apos;signin&apos;]}
	at junit.framework.Assert.fail(Assert.java:57)
	at com.zoho.dfwork.base.BaseTest.reportFail(BaseTest.java:305)
	at com.zoho.dfwork.base.BaseTest.getElement(BaseTest.java:213)
	at com.zoho.dfwork.base.BaseTest.click(BaseTest.java:152)
	at com.zoho.dfwork.base.BaseTest.doLogin(BaseTest.java:355)
	at com.zoho.dfwork.testcases.LoginTest.doLoginTest(LoginTest.java:40)
... Removed 25 stack frames
</div> <!-- stack-trace -->
                </div> <!-- method-content -->
              </div> <!-- method -->
            </div> <!-- main-panel-content rounded-window-bottom -->
          </div> <!-- suite-Suite-class-failed -->
          <div class="suite-Suite-class-skipped">
            <div class="main-panel-header rounded-window-top">
              <img src="skipped.png"/>
              <span class="class-name">com.zoho.dfwork.testcases.LeadTest</span>
            </div> <!-- main-panel-header rounded-window-top -->
            <div class="main-panel-content rounded-window-bottom">
              <div class="method">
                <div class="method-content">
                  <a name="createLeadTest({LeadLastName=Zukerburg, Runmode=N, LeadCompany=Facebook, Browser=Chrome})">
                  </a> <!-- createLeadTest({LeadLastName=Zukerburg, Runmode=N, LeadCompany=Facebook, Browser=Chrome}) -->
                  <span class="method-name">createLeadTest</span>
                  <span class="parameters">({LeadLastName=Zukerburg, Runmode=N, LeadCompany=Facebook, Browser=Chrome})</span>
                  <div class="stack-trace">org.testng.SkipException: Skipping the test as the run mode is set to N
	at com.zoho.dfwork.testcases.LeadTest.createLeadTest(LeadTest.java:29)
... Removed 25 stack frames
</div> <!-- stack-trace -->
                </div> <!-- method-content -->
              </div> <!-- method -->
              <div class="method">
                <div class="method-content">
                  <a name="createLeadTest({LeadLastName=Nadella, Runmode=N, LeadCompany=Microsoft, Browser=Firefox})">
                  </a> <!-- createLeadTest({LeadLastName=Nadella, Runmode=N, LeadCompany=Microsoft, Browser=Firefox}) -->
                  <span class="method-name">createLeadTest</span>
                  <span class="parameters">({LeadLastName=Nadella, Runmode=N, LeadCompany=Microsoft, Browser=Firefox})</span>
                  <div class="stack-trace">org.testng.SkipException: Skipping the test as the run mode is set to N
	at com.zoho.dfwork.testcases.LeadTest.createLeadTest(LeadTest.java:29)
... Removed 25 stack frames
</div> <!-- stack-trace -->
                </div> <!-- method-content -->
              </div> <!-- method -->
            </div> <!-- main-panel-content rounded-window-bottom -->
          </div> <!-- suite-Suite-class-skipped -->
        </div> <!-- panel Suite -->
        <div panel-name="test-xml-Suite" class="panel">
          <div class="main-panel-header rounded-window-top">
            <span class="header-content">C:\Users\windows10\Desktop\Selenium\DataDrivenZohoProject\testng.xml</span>
          </div> <!-- main-panel-header rounded-window-top -->
          <div class="main-panel-content rounded-window-bottom">
            <pre>
&lt;?xml version=&quot;1.0&quot; encoding=&quot;UTF-8&quot;?&gt;
&lt;!DOCTYPE suite SYSTEM &quot;http://testng.org/testng-1.0.dtd&quot;&gt;
&lt;suite name=&quot;Suite&quot;&gt;
  &lt;test name=&quot;TestOne&quot;&gt;
    &lt;classes&gt;
      &lt;class name=&quot;com.zoho.dfwork.testcases.LoginTest&quot;/&gt;
    &lt;/classes&gt;
  &lt;/test&gt; &lt;!-- TestOne --&gt;
  &lt;test name=&quot;TestTwo&quot;&gt;
    &lt;classes&gt;
      &lt;class name=&quot;com.zoho.dfwork.testcases.LeadTest&quot;/&gt;
    &lt;/classes&gt;
  &lt;/test&gt; &lt;!-- TestTwo --&gt;
&lt;/suite&gt; &lt;!-- Suite --&gt;
            </pre>
          </div> <!-- main-panel-content rounded-window-bottom -->
        </div> <!-- panel -->
        <div panel-name="testlist-Suite" class="panel">
          <div class="main-panel-header rounded-window-top">
            <span class="header-content">Tests for Suite</span>
          </div> <!-- main-panel-header rounded-window-top -->
          <div class="main-panel-content rounded-window-bottom">
            <ul>
              <li>
                <span class="test-name">TestOne (1 class)</span>
              </li>
              <li>
                <span class="test-name">TestTwo (1 class)</span>
              </li>
            </ul>
          </div> <!-- main-panel-content rounded-window-bottom -->
        </div> <!-- panel -->
        <div panel-name="group-Suite" class="panel">
          <div class="main-panel-header rounded-window-top">
            <span class="header-content">Groups for Suite</span>
          </div> <!-- main-panel-header rounded-window-top -->
          <div class="main-panel-content rounded-window-bottom">
          </div> <!-- main-panel-content rounded-window-bottom -->
        </div> <!-- panel -->
        <div panel-name="times-Suite" class="panel">
          <div class="main-panel-header rounded-window-top">
            <span class="header-content">Times for Suite</span>
          </div> <!-- main-panel-header rounded-window-top -->
          <div class="main-panel-content rounded-window-bottom">
            <div class="times-div">
              <script type="text/javascript">
suiteTableInitFunctions.push('tableData_Suite');
function tableData_Suite() {
var data = new google.visualization.DataTable();
data.addColumn('number', 'Number');
data.addColumn('string', 'Method');
data.addColumn('string', 'Class');
data.addColumn('number', 'Time (ms)');
data.addRows(6);
data.setCell(0, 0, 0)
data.setCell(0, 1, 'createLeadTest')
data.setCell(0, 2, 'com.zoho.dfwork.testcases.LeadTest')
data.setCell(0, 3, 43827);
data.setCell(1, 0, 1)
data.setCell(1, 1, 'doLoginTest')
data.setCell(1, 2, 'com.zoho.dfwork.testcases.LoginTest')
data.setCell(1, 3, 42261);
data.setCell(2, 0, 2)
data.setCell(2, 1, 'doLoginTest')
data.setCell(2, 2, 'com.zoho.dfwork.testcases.LoginTest')
data.setCell(2, 3, 22164);
data.setCell(3, 0, 3)
data.setCell(3, 1, 'createLeadTest')
data.setCell(3, 2, 'com.zoho.dfwork.testcases.LeadTest')
data.setCell(3, 3, 12219);
data.setCell(4, 0, 4)
data.setCell(4, 1, 'createLeadTest')
data.setCell(4, 2, 'com.zoho.dfwork.testcases.LeadTest')
data.setCell(4, 3, 2);
data.setCell(5, 0, 5)
data.setCell(5, 1, 'createLeadTest')
data.setCell(5, 2, 'com.zoho.dfwork.testcases.LeadTest')
data.setCell(5, 3, 2);
window.suiteTableData['Suite']= { tableData: data, tableDiv: 'times-div-Suite'}
return data;
}
              </script>
              <span class="suite-total-time">Total running time: 2 minutes</span>
              <div id="times-div-Suite">
              </div> <!-- times-div-Suite -->
            </div> <!-- times-div -->
          </div> <!-- main-panel-content rounded-window-bottom -->
        </div> <!-- panel -->
        <div panel-name="reporter-Suite" class="panel">
          <div class="main-panel-header rounded-window-top">
            <span class="header-content">Reporter output for Suite</span>
          </div> <!-- main-panel-header rounded-window-top -->
          <div class="main-panel-content rounded-window-bottom">
          </div> <!-- main-panel-content rounded-window-bottom -->
        </div> <!-- panel -->
        <div panel-name="ignored-methods-Suite" class="panel">
          <div class="main-panel-header rounded-window-top">
            <span class="header-content">0 ignored methods</span>
          </div> <!-- main-panel-header rounded-window-top -->
          <div class="main-panel-content rounded-window-bottom">
          </div> <!-- main-panel-content rounded-window-bottom -->
        </div> <!-- panel -->
        <div panel-name="chronological-Suite" class="panel">
          <div class="main-panel-header rounded-window-top">
            <span class="header-content">Methods in chronological order</span>
          </div> <!-- main-panel-header rounded-window-top -->
          <div class="main-panel-content rounded-window-bottom">
            <div class="chronological-class">
              <div class="chronological-class-name">com.zoho.dfwork.testcases.LoginTest</div> <!-- chronological-class-name -->
              <div class="configuration-class before">
                <span class="method-name">init</span>
                <span class="method-start">0 ms</span>
              </div> <!-- configuration-class before -->
              <div class="test-method">
                <img src="failed.png">
                </img>
                <span class="method-name">doLoginTest({Username=seleniumbyarun99@gmail.com, ExpectedResult=Success, Password=Demopassword$, Runmode=Y, Bro...)</span>
                <span class="method-start">1134 ms</span>
              </div> <!-- test-method -->
              <div class="configuration-method after">
                <span class="method-name">quit</span>
                <span class="method-start">43401 ms</span>
              </div> <!-- configuration-method after -->
              <div class="test-method">
                <img src="failed.png">
                </img>
                <span class="method-name">doLoginTest({Username=seleniumbyarun99@gmail.com, ExpectedResult=Success, Password=Demopassword$, Runmode=Y, Bro...)</span>
                <span class="method-start">44837 ms</span>
              </div> <!-- test-method -->
              <div class="configuration-method after">
                <span class="method-name">quit</span>
                <span class="method-start">67005 ms</span>
              </div> <!-- configuration-method after -->
            </div> <!-- chronological-class -->
            <div class="chronological-class">
              <div class="chronological-class-name">com.zoho.dfwork.testcases.LeadTest</div> <!-- chronological-class-name -->
              <div class="configuration-class before">
                <span class="method-name">init</span>
                <span class="method-start">67889 ms</span>
              </div> <!-- configuration-class before -->
              <div class="test-method">
                <img src="failed.png">
                </img>
                <span class="method-name">createLeadTest({LeadLastName=Jobs, Runmode=Y, LeadCompany=Apple, Browser=Firefox})</span>
                <span class="method-start">67984 ms</span>
              </div> <!-- test-method -->
              <div class="configuration-method after">
                <span class="method-name">quit</span>
                <span class="method-start">111814 ms</span>
              </div> <!-- configuration-method after -->
              <div class="test-method">
                <img src="failed.png">
                </img>
                <span class="method-name">createLeadTest({LeadLastName=Pichai, Runmode=Y, LeadCompany=Google, Browser=Chrome})</span>
                <span class="method-start">112321 ms</span>
              </div> <!-- test-method -->
              <div class="configuration-method after">
                <span class="method-name">quit</span>
                <span class="method-start">124544 ms</span>
              </div> <!-- configuration-method after -->
              <div class="test-method">
                <span class="method-name">createLeadTest({LeadLastName=Nadella, Runmode=N, LeadCompany=Microsoft, Browser=Firefox})</span>
                <span class="method-start">125476 ms</span>
              </div> <!-- test-method -->
              <div class="configuration-method after">
                <span class="method-name">quit</span>
                <span class="method-start">125480 ms</span>
              </div> <!-- configuration-method after -->
              <div class="test-method">
                <span class="method-name">createLeadTest({LeadLastName=Zukerburg, Runmode=N, LeadCompany=Facebook, Browser=Chrome})</span>
                <span class="method-start">125692 ms</span>
              </div> <!-- test-method -->
              <div class="configuration-method after">
                <span class="method-name">quit</span>
                <span class="method-start">125695 ms</span>
              </div> <!-- configuration-method after -->
          </div> <!-- main-panel-content rounded-window-bottom -->
        </div> <!-- panel -->
      </div> <!-- main-panel-root -->
    </div> <!-- wrapper -->
  </body>
</html>
