<?xml version="1.0" encoding="UTF-8"?>
<testng-results skipped="6" failed="0" total="14" passed="8">
  <reporter-output>
  </reporter-output>
  <suite name="Suite" duration-ms="2223" started-at="2017-02-22T10:25:41Z" finished-at="2017-02-22T10:25:43Z">
    <groups>
    </groups>
    <test name="TestOne" duration-ms="1416" started-at="2017-02-22T10:25:41Z" finished-at="2017-02-22T10:25:42Z">
      <class name="com.zoho.dfwork.testcases.LoginTest">
        <test-method status="PASS" signature="init()[pri:0, instance:com.zoho.dfwork.testcases.LoginTest@10399e]" name="init" is-config="true" duration-ms="12" started-at="2017-02-22T15:55:41Z" finished-at="2017-02-22T15:55:41Z">
          <reporter-output>
          </reporter-output>
        </test-method> <!-- init -->
        <test-method status="SKIP" signature="doLoginTest(java.util.Hashtable)[pri:0, instance:com.zoho.dfwork.testcases.LoginTest@10399e]" name="doLoginTest" duration-ms="8" started-at="2017-02-22T15:55:42Z" data-provider="getData" finished-at="2017-02-22T15:55:42Z">
          <params>
            <param index="0">
              <value>
                <![CDATA[{Username=arun.motoori@gmail.com, ExpectedResult=Success, Password=jhankaar9, Runmode=Y, Browser=Firefox}]]>
              </value>
            </param>
          </params>
          <exception class="org.testng.SkipException">
            <message>
              <![CDATA[Skipping the test as the run mode is set to N]]>
            </message>
            <full-stacktrace>
              <![CDATA[org.testng.SkipException: Skipping the test as the run mode is set to N
	at com.zoho.dfwork.testcases.LoginTest.doLoginTest(Unknown Source)
	at sun.reflect.NativeMethodAccessorImpl.invoke0(Native Method)
	at sun.reflect.NativeMethodAccessorImpl.invoke(NativeMethodAccessorImpl.java:62)
	at sun.reflect.DelegatingMethodAccessorImpl.invoke(DelegatingMethodAccessorImpl.java:43)
	at java.lang.reflect.Method.invoke(Method.java:498)
	at org.testng.internal.MethodInvocationHelper.invokeMethod(MethodInvocationHelper.java:85)
	at org.testng.internal.Invoker.invokeMethod(Invoker.java:639)
	at org.testng.internal.Invoker.invokeTestMethod(Invoker.java:816)
	at org.testng.internal.Invoker.invokeTestMethods(Invoker.java:1124)
	at org.testng.internal.TestMethodWorker.invokeTestMethods(TestMethodWorker.java:125)
	at org.testng.internal.TestMethodWorker.run(TestMethodWorker.java:108)
	at org.testng.TestRunner.privateRun(TestRunner.java:774)
	at org.testng.TestRunner.run(TestRunner.java:624)
	at org.testng.SuiteRunner.runTest(SuiteRunner.java:359)
	at org.testng.SuiteRunner.runSequentially(SuiteRunner.java:354)
	at org.testng.SuiteRunner.privateRun(SuiteRunner.java:312)
	at org.testng.SuiteRunner.run(SuiteRunner.java:261)
	at org.testng.SuiteRunnerWorker.runSuite(SuiteRunnerWorker.java:52)
	at org.testng.SuiteRunnerWorker.run(SuiteRunnerWorker.java:86)
	at org.testng.TestNG.runSuitesSequentially(TestNG.java:1215)
	at org.testng.TestNG.runSuitesLocally(TestNG.java:1140)
	at org.testng.TestNG.run(TestNG.java:1048)
	at org.testng.TestNG.privateMain(TestNG.java:1355)
	at org.testng.TestNG.main(TestNG.java:1324)
]]>
            </full-stacktrace>
          </exception> <!-- org.testng.SkipException -->
          <reporter-output>
          </reporter-output>
        </test-method> <!-- doLoginTest -->
        <test-method status="PASS" signature="quit()[pri:0, instance:com.zoho.dfwork.testcases.LoginTest@10399e]" name="quit" is-config="true" duration-ms="382" started-at="2017-02-22T15:55:42Z" finished-at="2017-02-22T15:55:42Z">
          <reporter-output>
          </reporter-output>
        </test-method> <!-- quit -->
        <test-method status="SKIP" signature="doLoginTest(java.util.Hashtable)[pri:0, instance:com.zoho.dfwork.testcases.LoginTest@10399e]" name="doLoginTest" duration-ms="2" started-at="2017-02-22T15:55:42Z" data-provider="getData" finished-at="2017-02-22T15:55:42Z">
          <params>
            <param index="0">
              <value>
                <![CDATA[{Username=arun.motoori@gmail.com, ExpectedResult=Success, Password=jhankaar9, Runmode=Y, Browser=Chrome}]]>
              </value>
            </param>
          </params>
          <exception class="org.testng.SkipException">
            <message>
              <![CDATA[Skipping the test as the run mode is set to N]]>
            </message>
            <full-stacktrace>
              <![CDATA[org.testng.SkipException: Skipping the test as the run mode is set to N
	at com.zoho.dfwork.testcases.LoginTest.doLoginTest(Unknown Source)
	at sun.reflect.NativeMethodAccessorImpl.invoke0(Native Method)
	at sun.reflect.NativeMethodAccessorImpl.invoke(NativeMethodAccessorImpl.java:62)
	at sun.reflect.DelegatingMethodAccessorImpl.invoke(DelegatingMethodAccessorImpl.java:43)
	at java.lang.reflect.Method.invoke(Method.java:498)
	at org.testng.internal.MethodInvocationHelper.invokeMethod(MethodInvocationHelper.java:85)
	at org.testng.internal.Invoker.invokeMethod(Invoker.java:639)
	at org.testng.internal.Invoker.invokeTestMethod(Invoker.java:816)
	at org.testng.internal.Invoker.invokeTestMethods(Invoker.java:1124)
	at org.testng.internal.TestMethodWorker.invokeTestMethods(TestMethodWorker.java:125)
	at org.testng.internal.TestMethodWorker.run(TestMethodWorker.java:108)
	at org.testng.TestRunner.privateRun(TestRunner.java:774)
	at org.testng.TestRunner.run(TestRunner.java:624)
	at org.testng.SuiteRunner.runTest(SuiteRunner.java:359)
	at org.testng.SuiteRunner.runSequentially(SuiteRunner.java:354)
	at org.testng.SuiteRunner.privateRun(SuiteRunner.java:312)
	at org.testng.SuiteRunner.run(SuiteRunner.java:261)
	at org.testng.SuiteRunnerWorker.runSuite(SuiteRunnerWorker.java:52)
	at org.testng.SuiteRunnerWorker.run(SuiteRunnerWorker.java:86)
	at org.testng.TestNG.runSuitesSequentially(TestNG.java:1215)
	at org.testng.TestNG.runSuitesLocally(TestNG.java:1140)
	at org.testng.TestNG.run(TestNG.java:1048)
	at org.testng.TestNG.privateMain(TestNG.java:1355)
	at org.testng.TestNG.main(TestNG.java:1324)
]]>
            </full-stacktrace>
          </exception> <!-- org.testng.SkipException -->
          <reporter-output>
          </reporter-output>
        </test-method> <!-- doLoginTest -->
        <test-method status="PASS" signature="quit()[pri:0, instance:com.zoho.dfwork.testcases.LoginTest@10399e]" name="quit" is-config="true" duration-ms="56" started-at="2017-02-22T15:55:42Z" finished-at="2017-02-22T15:55:42Z">
          <reporter-output>
          </reporter-output>
        </test-method> <!-- quit -->
      </class> <!-- com.zoho.dfwork.testcases.LoginTest -->
    </test> <!-- TestOne -->
    <test name="TestTwo" duration-ms="787" started-at="2017-02-22T10:25:42Z" finished-at="2017-02-22T10:25:43Z">
      <class name="com.zoho.dfwork.testcases.LeadTest">
        <test-method status="PASS" signature="init()[pri:0, instance:com.zoho.dfwork.testcases.LeadTest@19f379]" name="init" is-config="true" duration-ms="0" started-at="2017-02-22T15:55:42Z" finished-at="2017-02-22T15:55:42Z">
          <reporter-output>
          </reporter-output>
        </test-method> <!-- init -->
        <test-method status="SKIP" signature="createLeadTest(java.util.Hashtable)[pri:1, instance:com.zoho.dfwork.testcases.LeadTest@19f379]" name="createLeadTest" duration-ms="1" started-at="2017-02-22T15:55:42Z" data-provider="getData" finished-at="2017-02-22T15:55:42Z">
          <params>
            <param index="0">
              <value>
                <![CDATA[{LeadLastName=Jobs, Runmode=Y, LeadCompany=Apple, Browser=Firefox}]]>
              </value>
            </param>
          </params>
          <exception class="org.testng.SkipException">
            <message>
              <![CDATA[Skipping the test as the run mode is set to N]]>
            </message>
            <full-stacktrace>
              <![CDATA[org.testng.SkipException: Skipping the test as the run mode is set to N
	at com.zoho.dfwork.testcases.LeadTest.createLeadTest(Unknown Source)
	at sun.reflect.NativeMethodAccessorImpl.invoke0(Native Method)
	at sun.reflect.NativeMethodAccessorImpl.invoke(NativeMethodAccessorImpl.java:62)
	at sun.reflect.DelegatingMethodAccessorImpl.invoke(DelegatingMethodAccessorImpl.java:43)
	at java.lang.reflect.Method.invoke(Method.java:498)
	at org.testng.internal.MethodInvocationHelper.invokeMethod(MethodInvocationHelper.java:85)
	at org.testng.internal.Invoker.invokeMethod(Invoker.java:639)
	at org.testng.internal.Invoker.invokeTestMethod(Invoker.java:816)
	at org.testng.internal.Invoker.invokeTestMethods(Invoker.java:1124)
	at org.testng.internal.TestMethodWorker.invokeTestMethods(TestMethodWorker.java:125)
	at org.testng.internal.TestMethodWorker.run(TestMethodWorker.java:108)
	at org.testng.TestRunner.privateRun(TestRunner.java:774)
	at org.testng.TestRunner.run(TestRunner.java:624)
	at org.testng.SuiteRunner.runTest(SuiteRunner.java:359)
	at org.testng.SuiteRunner.runSequentially(SuiteRunner.java:354)
	at org.testng.SuiteRunner.privateRun(SuiteRunner.java:312)
	at org.testng.SuiteRunner.run(SuiteRunner.java:261)
	at org.testng.SuiteRunnerWorker.runSuite(SuiteRunnerWorker.java:52)
	at org.testng.SuiteRunnerWorker.run(SuiteRunnerWorker.java:86)
	at org.testng.TestNG.runSuitesSequentially(TestNG.java:1215)
	at org.testng.TestNG.runSuitesLocally(TestNG.java:1140)
	at org.testng.TestNG.run(TestNG.java:1048)
	at org.testng.TestNG.privateMain(TestNG.java:1355)
	at org.testng.TestNG.main(TestNG.java:1324)
]]>
            </full-stacktrace>
          </exception> <!-- org.testng.SkipException -->
          <reporter-output>
          </reporter-output>
        </test-method> <!-- createLeadTest -->
        <test-method status="PASS" signature="quit()[pri:0, instance:com.zoho.dfwork.testcases.LeadTest@19f379]" name="quit" is-config="true" duration-ms="55" started-at="2017-02-22T15:55:42Z" finished-at="2017-02-22T15:55:42Z">
          <reporter-output>
          </reporter-output>
        </test-method> <!-- quit -->
        <test-method status="SKIP" signature="createLeadTest(java.util.Hashtable)[pri:1, instance:com.zoho.dfwork.testcases.LeadTest@19f379]" name="createLeadTest" duration-ms="0" started-at="2017-02-22T15:55:42Z" data-provider="getData" finished-at="2017-02-22T15:55:42Z">
          <params>
            <param index="0">
              <value>
                <![CDATA[{LeadLastName=Pichai, Runmode=Y, LeadCompany=Google, Browser=Chrome}]]>
              </value>
            </param>
          </params>
          <exception class="org.testng.SkipException">
            <message>
              <![CDATA[Skipping the test as the run mode is set to N]]>
            </message>
            <full-stacktrace>
              <![CDATA[org.testng.SkipException: Skipping the test as the run mode is set to N
	at com.zoho.dfwork.testcases.LeadTest.createLeadTest(Unknown Source)
	at sun.reflect.NativeMethodAccessorImpl.invoke0(Native Method)
	at sun.reflect.NativeMethodAccessorImpl.invoke(NativeMethodAccessorImpl.java:62)
	at sun.reflect.DelegatingMethodAccessorImpl.invoke(DelegatingMethodAccessorImpl.java:43)
	at java.lang.reflect.Method.invoke(Method.java:498)
	at org.testng.internal.MethodInvocationHelper.invokeMethod(MethodInvocationHelper.java:85)
	at org.testng.internal.Invoker.invokeMethod(Invoker.java:639)
	at org.testng.internal.Invoker.invokeTestMethod(Invoker.java:816)
	at org.testng.internal.Invoker.invokeTestMethods(Invoker.java:1124)
	at org.testng.internal.TestMethodWorker.invokeTestMethods(TestMethodWorker.java:125)
	at org.testng.internal.TestMethodWorker.run(TestMethodWorker.java:108)
	at org.testng.TestRunner.privateRun(TestRunner.java:774)
	at org.testng.TestRunner.run(TestRunner.java:624)
	at org.testng.SuiteRunner.runTest(SuiteRunner.java:359)
	at org.testng.SuiteRunner.runSequentially(SuiteRunner.java:354)
	at org.testng.SuiteRunner.privateRun(SuiteRunner.java:312)
	at org.testng.SuiteRunner.run(SuiteRunner.java:261)
	at org.testng.SuiteRunnerWorker.runSuite(SuiteRunnerWorker.java:52)
	at org.testng.SuiteRunnerWorker.run(SuiteRunnerWorker.java:86)
	at org.testng.TestNG.runSuitesSequentially(TestNG.java:1215)
	at org.testng.TestNG.runSuitesLocally(TestNG.java:1140)
	at org.testng.TestNG.run(TestNG.java:1048)
	at org.testng.TestNG.privateMain(TestNG.java:1355)
	at org.testng.TestNG.main(TestNG.java:1324)
]]>
            </full-stacktrace>
          </exception> <!-- org.testng.SkipException -->
          <reporter-output>
          </reporter-output>
        </test-method> <!-- createLeadTest -->
        <test-method status="PASS" signature="quit()[pri:0, instance:com.zoho.dfwork.testcases.LeadTest@19f379]" name="quit" is-config="true" duration-ms="63" started-at="2017-02-22T15:55:42Z" finished-at="2017-02-22T15:55:42Z">
          <reporter-output>
          </reporter-output>
        </test-method> <!-- quit -->
        <test-method status="SKIP" signature="createLeadTest(java.util.Hashtable)[pri:1, instance:com.zoho.dfwork.testcases.LeadTest@19f379]" name="createLeadTest" duration-ms="0" started-at="2017-02-22T15:55:42Z" data-provider="getData" finished-at="2017-02-22T15:55:42Z">
          <params>
            <param index="0">
              <value>
                <![CDATA[{LeadLastName=Nadella, Runmode=N, LeadCompany=Microsoft, Browser=Firefox}]]>
              </value>
            </param>
          </params>
          <exception class="org.testng.SkipException">
            <message>
              <![CDATA[Skipping the test as the run mode is set to N]]>
            </message>
            <full-stacktrace>
              <![CDATA[org.testng.SkipException: Skipping the test as the run mode is set to N
	at com.zoho.dfwork.testcases.LeadTest.createLeadTest(Unknown Source)
	at sun.reflect.NativeMethodAccessorImpl.invoke0(Native Method)
	at sun.reflect.NativeMethodAccessorImpl.invoke(NativeMethodAccessorImpl.java:62)
	at sun.reflect.DelegatingMethodAccessorImpl.invoke(DelegatingMethodAccessorImpl.java:43)
	at java.lang.reflect.Method.invoke(Method.java:498)
	at org.testng.internal.MethodInvocationHelper.invokeMethod(MethodInvocationHelper.java:85)
	at org.testng.internal.Invoker.invokeMethod(Invoker.java:639)
	at org.testng.internal.Invoker.invokeTestMethod(Invoker.java:816)
	at org.testng.internal.Invoker.invokeTestMethods(Invoker.java:1124)
	at org.testng.internal.TestMethodWorker.invokeTestMethods(TestMethodWorker.java:125)
	at org.testng.internal.TestMethodWorker.run(TestMethodWorker.java:108)
	at org.testng.TestRunner.privateRun(TestRunner.java:774)
	at org.testng.TestRunner.run(TestRunner.java:624)
	at org.testng.SuiteRunner.runTest(SuiteRunner.java:359)
	at org.testng.SuiteRunner.runSequentially(SuiteRunner.java:354)
	at org.testng.SuiteRunner.privateRun(SuiteRunner.java:312)
	at org.testng.SuiteRunner.run(SuiteRunner.java:261)
	at org.testng.SuiteRunnerWorker.runSuite(SuiteRunnerWorker.java:52)
	at org.testng.SuiteRunnerWorker.run(SuiteRunnerWorker.java:86)
	at org.testng.TestNG.runSuitesSequentially(TestNG.java:1215)
	at org.testng.TestNG.runSuitesLocally(TestNG.java:1140)
	at org.testng.TestNG.run(TestNG.java:1048)
	at org.testng.TestNG.privateMain(TestNG.java:1355)
	at org.testng.TestNG.main(TestNG.java:1324)
]]>
            </full-stacktrace>
          </exception> <!-- org.testng.SkipException -->
          <reporter-output>
          </reporter-output>
        </test-method> <!-- createLeadTest -->
        <test-method status="PASS" signature="quit()[pri:0, instance:com.zoho.dfwork.testcases.LeadTest@19f379]" name="quit" is-config="true" duration-ms="52" started-at="2017-02-22T15:55:42Z" finished-at="2017-02-22T15:55:42Z">
          <reporter-output>
          </reporter-output>
        </test-method> <!-- quit -->
        <test-method status="SKIP" signature="createLeadTest(java.util.Hashtable)[pri:1, instance:com.zoho.dfwork.testcases.LeadTest@19f379]" name="createLeadTest" duration-ms="0" started-at="2017-02-22T15:55:42Z" data-provider="getData" finished-at="2017-02-22T15:55:42Z">
          <params>
            <param index="0">
              <value>
                <![CDATA[{LeadLastName=Zukerburg, Runmode=N, LeadCompany=Facebook, Browser=Chrome}]]>
              </value>
            </param>
          </params>
          <exception class="org.testng.SkipException">
            <message>
              <![CDATA[Skipping the test as the run mode is set to N]]>
            </message>
            <full-stacktrace>
              <![CDATA[org.testng.SkipException: Skipping the test as the run mode is set to N
	at com.zoho.dfwork.testcases.LeadTest.createLeadTest(Unknown Source)
	at sun.reflect.NativeMethodAccessorImpl.invoke0(Native Method)
	at sun.reflect.NativeMethodAccessorImpl.invoke(NativeMethodAccessorImpl.java:62)
	at sun.reflect.DelegatingMethodAccessorImpl.invoke(DelegatingMethodAccessorImpl.java:43)
	at java.lang.reflect.Method.invoke(Method.java:498)
	at org.testng.internal.MethodInvocationHelper.invokeMethod(MethodInvocationHelper.java:85)
	at org.testng.internal.Invoker.invokeMethod(Invoker.java:639)
	at org.testng.internal.Invoker.invokeTestMethod(Invoker.java:816)
	at org.testng.internal.Invoker.invokeTestMethods(Invoker.java:1124)
	at org.testng.internal.TestMethodWorker.invokeTestMethods(TestMethodWorker.java:125)
	at org.testng.internal.TestMethodWorker.run(TestMethodWorker.java:108)
	at org.testng.TestRunner.privateRun(TestRunner.java:774)
	at org.testng.TestRunner.run(TestRunner.java:624)
	at org.testng.SuiteRunner.runTest(SuiteRunner.java:359)
	at org.testng.SuiteRunner.runSequentially(SuiteRunner.java:354)
	at org.testng.SuiteRunner.privateRun(SuiteRunner.java:312)
	at org.testng.SuiteRunner.run(SuiteRunner.java:261)
	at org.testng.SuiteRunnerWorker.runSuite(SuiteRunnerWorker.java:52)
	at org.testng.SuiteRunnerWorker.run(SuiteRunnerWorker.java:86)
	at org.testng.TestNG.runSuitesSequentially(TestNG.java:1215)
	at org.testng.TestNG.runSuitesLocally(TestNG.java:1140)
	at org.testng.TestNG.run(TestNG.java:1048)
	at org.testng.TestNG.privateMain(TestNG.java:1355)
	at org.testng.TestNG.main(TestNG.java:1324)
]]>
            </full-stacktrace>
          </exception> <!-- org.testng.SkipException -->
          <reporter-output>
          </reporter-output>
        </test-method> <!-- createLeadTest -->
        <test-method status="PASS" signature="quit()[pri:0, instance:com.zoho.dfwork.testcases.LeadTest@19f379]" name="quit" is-config="true" duration-ms="50" started-at="2017-02-22T15:55:42Z" finished-at="2017-02-22T15:55:42Z">
          <reporter-output>
          </reporter-output>
        </test-method> <!-- quit -->
        <test-method status="PASS" signature="convertLeadTest(java.util.Hashtable)[pri:2, instance:com.zoho.dfwork.testcases.LeadTest@19f379]" name="convertLeadTest" duration-ms="1" started-at="2017-02-22T15:55:42Z" data-provider="getData" finished-at="2017-02-22T15:55:42Z">
          <params>
            <param index="0">
              <value>
                <![CDATA[{LeadLastName=Jobs, Runmode=Y, LeadCompany=Apple, Browser=Firefox}]]>
              </value>
            </param>
          </params>
          <reporter-output>
          </reporter-output>
        </test-method> <!-- convertLeadTest -->
        <test-method status="PASS" signature="quit()[pri:0, instance:com.zoho.dfwork.testcases.LeadTest@19f379]" name="quit" is-config="true" duration-ms="57" started-at="2017-02-22T15:55:42Z" finished-at="2017-02-22T15:55:42Z">
          <reporter-output>
          </reporter-output>
        </test-method> <!-- quit -->
        <test-method status="PASS" signature="quit()[pri:0, instance:com.zoho.dfwork.testcases.LeadTest@19f379]" name="quit" is-config="true" duration-ms="47" started-at="2017-02-22T15:55:42Z" finished-at="2017-02-22T15:55:43Z">
          <reporter-output>
          </reporter-output>
        </test-method> <!-- quit -->
        <test-method status="PASS" signature="convertLeadTest(java.util.Hashtable)[pri:2, instance:com.zoho.dfwork.testcases.LeadTest@19f379]" name="convertLeadTest" duration-ms="0" started-at="2017-02-22T15:55:42Z" data-provider="getData" finished-at="2017-02-22T15:55:42Z">
          <params>
            <param index="0">
              <value>
                <![CDATA[{LeadLastName=Pichai, Runmode=Y, LeadCompany=Google, Browser=Chrome}]]>
              </value>
            </param>
          </params>
          <reporter-output>
          </reporter-output>
        </test-method> <!-- convertLeadTest -->
        <test-method status="PASS" signature="quit()[pri:0, instance:com.zoho.dfwork.testcases.LeadTest@19f379]" name="quit" is-config="true" duration-ms="48" started-at="2017-02-22T15:55:43Z" finished-at="2017-02-22T15:55:43Z">
          <reporter-output>
          </reporter-output>
        </test-method> <!-- quit -->
        <test-method status="PASS" signature="convertLeadTest(java.util.Hashtable)[pri:2, instance:com.zoho.dfwork.testcases.LeadTest@19f379]" name="convertLeadTest" duration-ms="0" started-at="2017-02-22T15:55:43Z" data-provider="getData" finished-at="2017-02-22T15:55:43Z">
          <params>
            <param index="0">
              <value>
                <![CDATA[{LeadLastName=Nadella, Runmode=N, LeadCompany=Microsoft, Browser=Firefox}]]>
              </value>
            </param>
          </params>
          <reporter-output>
          </reporter-output>
        </test-method> <!-- convertLeadTest -->
        <test-method status="PASS" signature="convertLeadTest(java.util.Hashtable)[pri:2, instance:com.zoho.dfwork.testcases.LeadTest@19f379]" name="convertLeadTest" duration-ms="1" started-at="2017-02-22T15:55:43Z" data-provider="getData" finished-at="2017-02-22T15:55:43Z">
          <params>
            <param index="0">
              <value>
                <![CDATA[{LeadLastName=Zukerburg, Runmode=N, LeadCompany=Facebook, Browser=Chrome}]]>
              </value>
            </param>
          </params>
          <reporter-output>
          </reporter-output>
        </test-method> <!-- convertLeadTest -->
        <test-method status="PASS" signature="quit()[pri:0, instance:com.zoho.dfwork.testcases.LeadTest@19f379]" name="quit" is-config="true" duration-ms="49" started-at="2017-02-22T15:55:43Z" finished-at="2017-02-22T15:55:43Z">
          <reporter-output>
          </reporter-output>
        </test-method> <!-- quit -->
        <test-method status="PASS" signature="deleteLeadAccountTest(java.util.Hashtable)[pri:3, instance:com.zoho.dfwork.testcases.LeadTest@19f379]" name="deleteLeadAccountTest" duration-ms="0" started-at="2017-02-22T15:55:43Z" data-provider="getData" finished-at="2017-02-22T15:55:43Z">
          <params>
            <param index="0">
              <value>
                <![CDATA[{LeadLastName=Jobs, Runmode=Y, LeadCompany=Apple, Browser=Firefox}]]>
              </value>
            </param>
          </params>
          <reporter-output>
          </reporter-output>
        </test-method> <!-- deleteLeadAccountTest -->
        <test-method status="PASS" signature="quit()[pri:0, instance:com.zoho.dfwork.testcases.LeadTest@19f379]" name="quit" is-config="true" duration-ms="39" started-at="2017-02-22T15:55:43Z" finished-at="2017-02-22T15:55:43Z">
          <reporter-output>
          </reporter-output>
        </test-method> <!-- quit -->
        <test-method status="PASS" signature="deleteLeadAccountTest(java.util.Hashtable)[pri:3, instance:com.zoho.dfwork.testcases.LeadTest@19f379]" name="deleteLeadAccountTest" duration-ms="0" started-at="2017-02-22T15:55:43Z" data-provider="getData" finished-at="2017-02-22T15:55:43Z">
          <params>
            <param index="0">
              <value>
                <![CDATA[{LeadLastName=Pichai, Runmode=Y, LeadCompany=Google, Browser=Chrome}]]>
              </value>
            </param>
          </params>
          <reporter-output>
          </reporter-output>
        </test-method> <!-- deleteLeadAccountTest -->
        <test-method status="PASS" signature="quit()[pri:0, instance:com.zoho.dfwork.testcases.LeadTest@19f379]" name="quit" is-config="true" duration-ms="68" started-at="2017-02-22T15:55:43Z" finished-at="2017-02-22T15:55:43Z">
          <reporter-output>
          </reporter-output>
        </test-method> <!-- quit -->
        <test-method status="PASS" signature="quit()[pri:0, instance:com.zoho.dfwork.testcases.LeadTest@19f379]" name="quit" is-config="true" duration-ms="46" started-at="2017-02-22T15:55:43Z" finished-at="2017-02-22T15:55:43Z">
          <reporter-output>
          </reporter-output>
        </test-method> <!-- quit -->
        <test-method status="PASS" signature="deleteLeadAccountTest(java.util.Hashtable)[pri:3, instance:com.zoho.dfwork.testcases.LeadTest@19f379]" name="deleteLeadAccountTest" duration-ms="0" started-at="2017-02-22T15:55:43Z" data-provider="getData" finished-at="2017-02-22T15:55:43Z">
          <params>
            <param index="0">
              <value>
                <![CDATA[{LeadLastName=Nadella, Runmode=N, LeadCompany=Microsoft, Browser=Firefox}]]>
              </value>
            </param>
          </params>
          <reporter-output>
          </reporter-output>
        </test-method> <!-- deleteLeadAccountTest -->
        <test-method status="PASS" signature="deleteLeadAccountTest(java.util.Hashtable)[pri:3, instance:com.zoho.dfwork.testcases.LeadTest@19f379]" name="deleteLeadAccountTest" duration-ms="0" started-at="2017-02-22T15:55:43Z" data-provider="getData" finished-at="2017-02-22T15:55:43Z">
          <params>
            <param index="0">
              <value>
                <![CDATA[{LeadLastName=Zukerburg, Runmode=N, LeadCompany=Facebook, Browser=Chrome}]]>
              </value>
            </param>
          </params>
          <reporter-output>
          </reporter-output>
        </test-method> <!-- deleteLeadAccountTest -->
        <test-method status="PASS" signature="quit()[pri:0, instance:com.zoho.dfwork.testcases.LeadTest@19f379]" name="quit" is-config="true" duration-ms="43" started-at="2017-02-22T15:55:43Z" finished-at="2017-02-22T15:55:43Z">
          <reporter-output>
          </reporter-output>
        </test-method> <!-- quit -->
      </class> <!-- com.zoho.dfwork.testcases.LeadTest -->
    </test> <!-- TestTwo -->
  </suite> <!-- Suite -->
</testng-results>
